<?xml version="1.0" encoding="UTF-8"?>
<testng-results skipped="0" failed="4" total="6" passed="2">
  <reporter-output>
  </reporter-output>
  <suite name="Parallel test suite" duration-ms="114973" started-at="2020-12-04T07:17:27Z" finished-at="2020-12-04T07:19:22Z">
    <groups>
    </groups>
    <test name="Test1" duration-ms="106998" started-at="2020-12-04T07:17:27Z" finished-at="2020-12-04T07:19:14Z">
      <class name="parallelExecution.ParallelDemo">
        <test-method status="PASS" signature="setup(java.lang.String)[pri:0, instance:parallelExecution.ParallelDemo@4667ae56]" name="setup" is-config="true" duration-ms="14638" started-at="2020-12-04T12:47:27Z" finished-at="2020-12-04T12:47:42Z">
          <params>
            <param index="0">
              <value>
                <![CDATA[Chrome]]>
              </value>
            </param>
          </params>
          <reporter-output>
          </reporter-output>
        </test-method> <!-- setup -->
        <test-method status="FAIL" signature="testScriptLTIFailCase()[pri:0, instance:parallelExecution.ParallelDemo@4667ae56]" name="testScriptLTIFailCase" duration-ms="16615" started-at="2020-12-04T12:47:42Z" finished-at="2020-12-04T12:47:58Z">
          <exception class="java.lang.AssertionError">
            <message>
              <![CDATA[expected [LTI] but found [LTI - Larsen & Toubro Infotech]]]>
            </message>
            <full-stacktrace>
              <![CDATA[java.lang.AssertionError: expected [LTI] but found [LTI - Larsen & Toubro Infotech]
	at org.testng.Assert.fail(Assert.java:94)
	at org.testng.Assert.failNotEquals(Assert.java:494)
	at org.testng.Assert.assertEquals(Assert.java:123)
	at org.testng.Assert.assertEquals(Assert.java:176)
	at org.testng.Assert.assertEquals(Assert.java:186)
	at parallelExecution.ParallelDemo.testScriptLTIFailCase(ParallelDemo.java:66)
	at sun.reflect.NativeMethodAccessorImpl.invoke0(Native Method)
	at sun.reflect.NativeMethodAccessorImpl.invoke(NativeMethodAccessorImpl.java:62)
	at sun.reflect.DelegatingMethodAccessorImpl.invoke(DelegatingMethodAccessorImpl.java:43)
	at java.lang.reflect.Method.invoke(Method.java:498)
	at org.testng.internal.MethodInvocationHelper.invokeMethod(MethodInvocationHelper.java:84)
	at org.testng.internal.Invoker.invokeMethod(Invoker.java:714)
	at org.testng.internal.Invoker.invokeTestMethod(Invoker.java:901)
	at org.testng.internal.Invoker.invokeTestMethods(Invoker.java:1231)
	at org.testng.internal.TestMethodWorker.invokeTestMethods(TestMethodWorker.java:127)
	at org.testng.internal.TestMethodWorker.run(TestMethodWorker.java:111)
	at org.testng.TestRunner.privateRun(TestRunner.java:767)
	at org.testng.TestRunner.run(TestRunner.java:617)
	at org.testng.SuiteRunner.runTest(SuiteRunner.java:348)
	at org.testng.SuiteRunner.access$000(SuiteRunner.java:38)
	at org.testng.SuiteRunner$SuiteWorker.run(SuiteRunner.java:382)
	at org.testng.internal.thread.ThreadUtil$2.call(ThreadUtil.java:64)
	at java.util.concurrent.FutureTask.run(FutureTask.java:266)
	at java.util.concurrent.ThreadPoolExecutor.runWorker(ThreadPoolExecutor.java:1149)
	at java.util.concurrent.ThreadPoolExecutor$Worker.run(ThreadPoolExecutor.java:624)
	at java.lang.Thread.run(Thread.java:748)
]]>
            </full-stacktrace>
          </exception> <!-- java.lang.AssertionError -->
          <reporter-output>
          </reporter-output>
        </test-method> <!-- testScriptLTIFailCase -->
        <test-method status="PASS" signature="tearDown(org.testng.ITestResult)[pri:0, instance:parallelExecution.ParallelDemo@4667ae56]" name="tearDown" is-config="true" duration-ms="2044" started-at="2020-12-04T12:47:58Z" finished-at="2020-12-04T12:48:00Z">
          <params>
            <param index="0">
              <value>
                <![CDATA[[TestResult name=testScriptLTIFailCase status=FAILURE method=ParallelDemo.testScriptLTIFailCase()[pri:0, instance:parallelExecution.ParallelDemo@4667ae56] output={null}]]]>
              </value>
            </param>
          </params>
          <reporter-output>
          </reporter-output>
        </test-method> <!-- tearDown -->
        <test-method status="PASS" signature="setup(java.lang.String)[pri:0, instance:parallelExecution.ParallelDemo@4667ae56]" name="setup" is-config="true" duration-ms="3631" started-at="2020-12-04T12:48:00Z" finished-at="2020-12-04T12:48:04Z">
          <params>
            <param index="0">
              <value>
                <![CDATA[Chrome]]>
              </value>
            </param>
          </params>
          <reporter-output>
          </reporter-output>
        </test-method> <!-- setup -->
        <test-method status="FAIL" signature="testScriptLTIFailCase()[pri:0, instance:parallelExecution.ParallelDemo@4667ae56]" name="testScriptLTIFailCase" duration-ms="9492" started-at="2020-12-04T12:48:04Z" finished-at="2020-12-04T12:48:14Z">
          <exception class="java.lang.AssertionError">
            <message>
              <![CDATA[expected [LTI] but found [LTI - Larsen & Toubro Infotech]]]>
            </message>
            <full-stacktrace>
              <![CDATA[java.lang.AssertionError: expected [LTI] but found [LTI - Larsen & Toubro Infotech]
	at org.testng.Assert.fail(Assert.java:94)
	at org.testng.Assert.failNotEquals(Assert.java:494)
	at org.testng.Assert.assertEquals(Assert.java:123)
	at org.testng.Assert.assertEquals(Assert.java:176)
	at org.testng.Assert.assertEquals(Assert.java:186)
	at parallelExecution.ParallelDemo.testScriptLTIFailCase(ParallelDemo.java:66)
	at sun.reflect.NativeMethodAccessorImpl.invoke0(Native Method)
	at sun.reflect.NativeMethodAccessorImpl.invoke(NativeMethodAccessorImpl.java:62)
	at sun.reflect.DelegatingMethodAccessorImpl.invoke(DelegatingMethodAccessorImpl.java:43)
	at java.lang.reflect.Method.invoke(Method.java:498)
	at org.testng.internal.MethodInvocationHelper.invokeMethod(MethodInvocationHelper.java:84)
	at org.testng.internal.Invoker.invokeMethod(Invoker.java:714)
	at org.testng.internal.Invoker.retryFailed(Invoker.java:1049)
	at org.testng.internal.Invoker.invokeTestMethods(Invoker.java:1254)
	at org.testng.internal.TestMethodWorker.invokeTestMethods(TestMethodWorker.java:127)
	at org.testng.internal.TestMethodWorker.run(TestMethodWorker.java:111)
	at org.testng.TestRunner.privateRun(TestRunner.java:767)
	at org.testng.TestRunner.run(TestRunner.java:617)
	at org.testng.SuiteRunner.runTest(SuiteRunner.java:348)
	at org.testng.SuiteRunner.access$000(SuiteRunner.java:38)
	at org.testng.SuiteRunner$SuiteWorker.run(SuiteRunner.java:382)
	at org.testng.internal.thread.ThreadUtil$2.call(ThreadUtil.java:64)
	at java.util.concurrent.FutureTask.run(FutureTask.java:266)
	at java.util.concurrent.ThreadPoolExecutor.runWorker(ThreadPoolExecutor.java:1149)
	at java.util.concurrent.ThreadPoolExecutor$Worker.run(ThreadPoolExecutor.java:624)
	at java.lang.Thread.run(Thread.java:748)
]]>
            </full-stacktrace>
          </exception> <!-- java.lang.AssertionError -->
          <reporter-output>
          </reporter-output>
        </test-method> <!-- testScriptLTIFailCase -->
        <test-method status="PASS" signature="tearDown(org.testng.ITestResult)[pri:0, instance:parallelExecution.ParallelDemo@4667ae56]" name="tearDown" is-config="true" duration-ms="3250" started-at="2020-12-04T12:48:14Z" finished-at="2020-12-04T12:48:17Z">
          <params>
            <param index="0">
              <value>
                <![CDATA[[TestResult name=testScriptLTIFailCase status=FAILURE method=ParallelDemo.testScriptLTIFailCase()[pri:0, instance:parallelExecution.ParallelDemo@4667ae56] output={null}]]]>
              </value>
            </param>
          </params>
          <reporter-output>
          </reporter-output>
        </test-method> <!-- tearDown -->
        <test-method status="PASS" signature="setup(java.lang.String)[pri:0, instance:parallelExecution.ParallelDemo@4667ae56]" name="setup" is-config="true" duration-ms="3882" started-at="2020-12-04T12:48:17Z" finished-at="2020-12-04T12:48:21Z">
          <params>
            <param index="0">
              <value>
                <![CDATA[Chrome]]>
              </value>
            </param>
          </params>
          <reporter-output>
          </reporter-output>
        </test-method> <!-- setup -->
        <test-method status="FAIL" signature="testScriptLTIFailCase()[pri:0, instance:parallelExecution.ParallelDemo@4667ae56]" name="testScriptLTIFailCase" duration-ms="11137" started-at="2020-12-04T12:48:21Z" finished-at="2020-12-04T12:48:32Z">
          <exception class="java.lang.AssertionError">
            <message>
              <![CDATA[expected [LTI] but found [LTI - Larsen & Toubro Infotech]]]>
            </message>
            <full-stacktrace>
              <![CDATA[java.lang.AssertionError: expected [LTI] but found [LTI - Larsen & Toubro Infotech]
	at org.testng.Assert.fail(Assert.java:94)
	at org.testng.Assert.failNotEquals(Assert.java:494)
	at org.testng.Assert.assertEquals(Assert.java:123)
	at org.testng.Assert.assertEquals(Assert.java:176)
	at org.testng.Assert.assertEquals(Assert.java:186)
	at parallelExecution.ParallelDemo.testScriptLTIFailCase(ParallelDemo.java:66)
	at sun.reflect.NativeMethodAccessorImpl.invoke0(Native Method)
	at sun.reflect.NativeMethodAccessorImpl.invoke(NativeMethodAccessorImpl.java:62)
	at sun.reflect.DelegatingMethodAccessorImpl.invoke(DelegatingMethodAccessorImpl.java:43)
	at java.lang.reflect.Method.invoke(Method.java:498)
	at org.testng.internal.MethodInvocationHelper.invokeMethod(MethodInvocationHelper.java:84)
	at org.testng.internal.Invoker.invokeMethod(Invoker.java:714)
	at org.testng.internal.Invoker.retryFailed(Invoker.java:1049)
	at org.testng.internal.Invoker.invokeTestMethods(Invoker.java:1254)
	at org.testng.internal.TestMethodWorker.invokeTestMethods(TestMethodWorker.java:127)
	at org.testng.internal.TestMethodWorker.run(TestMethodWorker.java:111)
	at org.testng.TestRunner.privateRun(TestRunner.java:767)
	at org.testng.TestRunner.run(TestRunner.java:617)
	at org.testng.SuiteRunner.runTest(SuiteRunner.java:348)
	at org.testng.SuiteRunner.access$000(SuiteRunner.java:38)
	at org.testng.SuiteRunner$SuiteWorker.run(SuiteRunner.java:382)
	at org.testng.internal.thread.ThreadUtil$2.call(ThreadUtil.java:64)
	at java.util.concurrent.FutureTask.run(FutureTask.java:266)
	at java.util.concurrent.ThreadPoolExecutor.runWorker(ThreadPoolExecutor.java:1149)
	at java.util.concurrent.ThreadPoolExecutor$Worker.run(ThreadPoolExecutor.java:624)
	at java.lang.Thread.run(Thread.java:748)
]]>
            </full-stacktrace>
          </exception> <!-- java.lang.AssertionError -->
          <reporter-output>
          </reporter-output>
        </test-method> <!-- testScriptLTIFailCase -->
        <test-method status="PASS" signature="tearDown(org.testng.ITestResult)[pri:0, instance:parallelExecution.ParallelDemo@4667ae56]" name="tearDown" is-config="true" duration-ms="2210" started-at="2020-12-04T12:48:32Z" finished-at="2020-12-04T12:48:34Z">
          <params>
            <param index="0">
              <value>
                <![CDATA[[TestResult name=testScriptLTIFailCase status=FAILURE method=ParallelDemo.testScriptLTIFailCase()[pri:0, instance:parallelExecution.ParallelDemo@4667ae56] output={null}]]]>
              </value>
            </param>
          </params>
          <reporter-output>
          </reporter-output>
        </test-method> <!-- tearDown -->
        <test-method status="PASS" signature="setup(java.lang.String)[pri:0, instance:parallelExecution.ParallelDemo@4667ae56]" name="setup" is-config="true" duration-ms="3607" started-at="2020-12-04T12:48:59Z" finished-at="2020-12-04T12:49:03Z">
          <params>
            <param index="0">
              <value>
                <![CDATA[Chrome]]>
              </value>
            </param>
          </params>
          <reporter-output>
          </reporter-output>
        </test-method> <!-- setup -->
        <test-method status="PASS" signature="testScriptLTIPassCase()[pri:0, instance:parallelExecution.ParallelDemo@4667ae56]" name="testScriptLTIPassCase" duration-ms="9879" started-at="2020-12-04T12:49:03Z" finished-at="2020-12-04T12:49:13Z">
          <reporter-output>
          </reporter-output>
        </test-method> <!-- testScriptLTIPassCase -->
        <test-method status="PASS" signature="tearDown(org.testng.ITestResult)[pri:0, instance:parallelExecution.ParallelDemo@4667ae56]" name="tearDown" is-config="true" duration-ms="1078" started-at="2020-12-04T12:49:13Z" finished-at="2020-12-04T12:49:14Z">
          <params>
            <param index="0">
              <value>
                <![CDATA[[TestResult name=testScriptLTIPassCase status=SUCCESS method=ParallelDemo.testScriptLTIPassCase()[pri:0, instance:parallelExecution.ParallelDemo@4667ae56] output={null}]]]>
              </value>
            </param>
          </params>
          <reporter-output>
          </reporter-output>
        </test-method> <!-- tearDown -->
      </class> <!-- parallelExecution.ParallelDemo -->
    </test> <!-- Test1 -->
    <test name="Test2" duration-ms="114973" started-at="2020-12-04T07:17:27Z" finished-at="2020-12-04T07:19:22Z">
      <class name="parallelExecution.ParallelDemo">
        <test-method status="PASS" signature="setup(java.lang.String)[pri:0, instance:parallelExecution.ParallelDemo@27c20538]" name="setup" is-config="true" duration-ms="62069" started-at="2020-12-04T12:47:27Z" finished-at="2020-12-04T12:48:29Z">
          <params>
            <param index="0">
              <value>
                <![CDATA[Firefox]]>
              </value>
            </param>
          </params>
          <reporter-output>
          </reporter-output>
        </test-method> <!-- setup -->
        <test-method status="FAIL" signature="testScriptLTIFailCase()[pri:0, instance:parallelExecution.ParallelDemo@27c20538]" name="testScriptLTIFailCase" duration-ms="10627" started-at="2020-12-04T12:48:29Z" finished-at="2020-12-04T12:48:40Z">
          <exception class="java.lang.AssertionError">
            <message>
              <![CDATA[expected [LTI] but found [LTI - Larsen & Toubro Infotech]]]>
            </message>
            <full-stacktrace>
              <![CDATA[java.lang.AssertionError: expected [LTI] but found [LTI - Larsen & Toubro Infotech]
	at org.testng.Assert.fail(Assert.java:94)
	at org.testng.Assert.failNotEquals(Assert.java:494)
	at org.testng.Assert.assertEquals(Assert.java:123)
	at org.testng.Assert.assertEquals(Assert.java:176)
	at org.testng.Assert.assertEquals(Assert.java:186)
	at parallelExecution.ParallelDemo.testScriptLTIFailCase(ParallelDemo.java:66)
	at sun.reflect.NativeMethodAccessorImpl.invoke0(Native Method)
	at sun.reflect.NativeMethodAccessorImpl.invoke(NativeMethodAccessorImpl.java:62)
	at sun.reflect.DelegatingMethodAccessorImpl.invoke(DelegatingMethodAccessorImpl.java:43)
	at java.lang.reflect.Method.invoke(Method.java:498)
	at org.testng.internal.MethodInvocationHelper.invokeMethod(MethodInvocationHelper.java:84)
	at org.testng.internal.Invoker.invokeMethod(Invoker.java:714)
	at org.testng.internal.Invoker.invokeTestMethod(Invoker.java:901)
	at org.testng.internal.Invoker.invokeTestMethods(Invoker.java:1231)
	at org.testng.internal.TestMethodWorker.invokeTestMethods(TestMethodWorker.java:127)
	at org.testng.internal.TestMethodWorker.run(TestMethodWorker.java:111)
	at org.testng.TestRunner.privateRun(TestRunner.java:767)
	at org.testng.TestRunner.run(TestRunner.java:617)
	at org.testng.SuiteRunner.runTest(SuiteRunner.java:348)
	at org.testng.SuiteRunner.access$000(SuiteRunner.java:38)
	at org.testng.SuiteRunner$SuiteWorker.run(SuiteRunner.java:382)
	at org.testng.internal.thread.ThreadUtil$2.call(ThreadUtil.java:64)
	at java.util.concurrent.FutureTask.run(FutureTask.java:266)
	at java.util.concurrent.ThreadPoolExecutor.runWorker(ThreadPoolExecutor.java:1149)
	at java.util.concurrent.ThreadPoolExecutor$Worker.run(ThreadPoolExecutor.java:624)
	at java.lang.Thread.run(Thread.java:748)
]]>
            </full-stacktrace>
          </exception> <!-- java.lang.AssertionError -->
          <reporter-output>
          </reporter-output>
        </test-method> <!-- testScriptLTIFailCase -->
        <test-method status="PASS" signature="tearDown(org.testng.ITestResult)[pri:0, instance:parallelExecution.ParallelDemo@27c20538]" name="tearDown" is-config="true" duration-ms="3100" started-at="2020-12-04T12:48:40Z" finished-at="2020-12-04T12:48:43Z">
          <params>
            <param index="0">
              <value>
                <![CDATA[[TestResult name=testScriptLTIFailCase status=FAILURE method=ParallelDemo.testScriptLTIFailCase()[pri:0, instance:parallelExecution.ParallelDemo@27c20538] output={null}]]]>
              </value>
            </param>
          </params>
          <reporter-output>
          </reporter-output>
        </test-method> <!-- tearDown -->
        <test-method status="PASS" signature="setup(java.lang.String)[pri:0, instance:parallelExecution.ParallelDemo@27c20538]" name="setup" is-config="true" duration-ms="7137" started-at="2020-12-04T12:49:05Z" finished-at="2020-12-04T12:49:12Z">
          <params>
            <param index="0">
              <value>
                <![CDATA[Firefox]]>
              </value>
            </param>
          </params>
          <reporter-output>
          </reporter-output>
        </test-method> <!-- setup -->
        <test-method status="PASS" signature="testScriptLTIPassCase()[pri:0, instance:parallelExecution.ParallelDemo@27c20538]" name="testScriptLTIPassCase" duration-ms="7813" started-at="2020-12-04T12:49:12Z" finished-at="2020-12-04T12:49:20Z">
          <reporter-output>
          </reporter-output>
        </test-method> <!-- testScriptLTIPassCase -->
        <test-method status="PASS" signature="tearDown(org.testng.ITestResult)[pri:0, instance:parallelExecution.ParallelDemo@27c20538]" name="tearDown" is-config="true" duration-ms="2174" started-at="2020-12-04T12:49:20Z" finished-at="2020-12-04T12:49:22Z">
          <params>
            <param index="0">
              <value>
                <![CDATA[[TestResult name=testScriptLTIPassCase status=SUCCESS method=ParallelDemo.testScriptLTIPassCase()[pri:0, instance:parallelExecution.ParallelDemo@27c20538] output={null}]]]>
              </value>
            </param>
          </params>
          <reporter-output>
          </reporter-output>
        </test-method> <!-- tearDown -->
      </class> <!-- parallelExecution.ParallelDemo -->
    </test> <!-- Test2 -->
  </suite> <!-- Parallel test suite -->
</testng-results>
